{"F:\\Karan\\Node\\SalesForce\\salesforceApi\\models\\userModel.js":{"path":"F:\\Karan\\Node\\SalesForce\\salesforceApi\\models\\userModel.js","s":{"1":1,"2":1,"3":1,"4":1,"5":1,"6":1,"7":1,"8":3,"9":1},"b":{},"f":{"1":3},"fnMap":{"1":{"name":"(anonymous_1)","line":24,"loc":{"start":{"line":24,"column":13},"end":{"line":24,"column":40}}}},"statementMap":{"1":{"start":{"line":2,"column":0},"end":{"line":2,"column":55}},"2":{"start":{"line":3,"column":0},"end":{"line":3,"column":29}},"3":{"start":{"line":4,"column":0},"end":{"line":4,"column":31}},"4":{"start":{"line":5,"column":0},"end":{"line":5,"column":15}},"5":{"start":{"line":8,"column":0},"end":{"line":17,"column":3}},"6":{"start":{"line":19,"column":1},"end":{"line":19,"column":47}},"7":{"start":{"line":24,"column":0},"end":{"line":26,"column":2}},"8":{"start":{"line":25,"column":6},"end":{"line":25,"column":37}},"9":{"start":{"line":28,"column":0},"end":{"line":28,"column":23}}},"branchMap":{}},"F:\\Karan\\Node\\SalesForce\\salesforceApi\\libs\\dbUtils.js":{"path":"F:\\Karan\\Node\\SalesForce\\salesforceApi\\libs\\dbUtils.js","s":{"1":1,"2":1,"3":1,"4":1,"5":1,"6":1,"7":0,"8":1,"9":1,"10":1,"11":0,"12":1},"b":{"1":[0,1]},"f":{"1":1,"2":0},"fnMap":{"1":{"name":"(anonymous_1)","line":7,"loc":{"start":{"line":7,"column":59},"end":{"line":7,"column":77}}},"2":{"name":"(anonymous_2)","line":87,"loc":{"start":{"line":87,"column":21},"end":{"line":87,"column":31}}}},"statementMap":{"1":{"start":{"line":1,"column":1},"end":{"line":1,"column":30}},"2":{"start":{"line":2,"column":0},"end":{"line":2,"column":31}},"3":{"start":{"line":3,"column":0},"end":{"line":3,"column":36}},"4":{"start":{"line":4,"column":0},"end":{"line":4,"column":34}},"5":{"start":{"line":7,"column":1},"end":{"line":15,"column":4}},"6":{"start":{"line":9,"column":5},"end":{"line":14,"column":6}},"7":{"start":{"line":10,"column":9},"end":{"line":10,"column":28}},"8":{"start":{"line":13,"column":9},"end":{"line":13,"column":40}},"9":{"start":{"line":81,"column":0},"end":{"line":81,"column":17}},"10":{"start":{"line":87,"column":0},"end":{"line":89,"column":2}},"11":{"start":{"line":88,"column":4},"end":{"line":88,"column":19}},"12":{"start":{"line":90,"column":0},"end":{"line":90,"column":25}}},"branchMap":{"1":{"line":9,"type":"if","locations":[{"start":{"line":9,"column":5},"end":{"line":9,"column":5}},{"start":{"line":9,"column":5},"end":{"line":9,"column":5}}]}}}}