TN:
SF:F:\Karan\Node\SalesForce\salesforceApi\models\userModel.js
FN:24,(anonymous_1)
FNF:1
FNH:1
FNDA:3,(anonymous_1)
DA:2,1
DA:3,1
DA:4,1
DA:5,1
DA:8,1
DA:19,1
DA:24,1
DA:25,3
DA:28,1
LF:9
LH:9
BRF:0
BRH:0
end_of_record
TN:
SF:F:\Karan\Node\SalesForce\salesforceApi\libs\dbUtils.js
FN:7,(anonymous_1)
FN:87,(anonymous_2)
FNF:2
FNH:1
FNDA:1,(anonymous_1)
FNDA:0,(anonymous_2)
DA:1,1
DA:2,1
DA:3,1
DA:4,1
DA:7,1
DA:9,1
DA:10,0
DA:13,1
DA:81,1
DA:87,1
DA:88,0
DA:90,1
LF:12
LH:10
BRDA:9,1,0,0
BRDA:9,1,1,1
BRF:2
BRH:1
end_of_record
